<?xml version="1.0" encoding="UTF-8"?>
<!-- Generated by org.testng.reporters.JUnitReportReporter -->
<testsuite skipped="0" hostname="LAPTOP-32VKAIFG" name="org.testng.CompareOnline" tests="1" failures="0" timestamp="13 Apr 2022 12:05:33 GMT" time="77.905" errors="0">
  <testcase name="comparing" time="77.905" classname="org.testng.CompareOnline"/>
</testsuite> <!-- org.testng.CompareOnline -->
